<?xml version="1.0" encoding="UTF-8"?>
<testsuite xmlns:xsi="http://www.w3.org/2001/XMLSchema-instance" xsi:noNamespaceSchemaLocation="https://maven.apache.org/surefire/maven-surefire-plugin/xsd/surefire-test-report.xsd" version="3.0.2" name="com.kata.Kata.Service.BookServiceTest" time="0.464" tests="10" errors="0" skipped="0" failures="0">
  <properties>
[...]
</properties>
  <testcase name="addBook_IdIsNotNull" classname="com.kata.Kata.Service.BookServiceTest" time="0.043">
    <system-out><![CDATA[2024-12-26T19:23:34.573+05:30  INFO 22280 --- [Kata] [           main] t.c.s.AnnotationConfigContextLoaderUtils : Could not detect default configuration classes for test class [com.kata.Kata.Service.BookServiceTest]: BookServiceTest does not declare any static, non-private, non-final, nested classes annotated with @Configuration.
2024-12-26T19:23:34.583+05:30  INFO 22280 --- [Kata] [           main] .b.t.c.SpringBootTestContextBootstrapper : Found @SpringBootConfiguration com.kata.Kata.KataApplication for test class com.kata.Kata.Service.BookServiceTest
]]></system-out>
  </testcase>
  <testcase name="borrowBook_BookIsNotAvailable" classname="com.kata.Kata.Service.BookServiceTest" time="0.018"/>
  <testcase name="viewAvailableBook_NoBooksAvailable" classname="com.kata.Kata.Service.BookServiceTest" time="0.007"/>
  <testcase name="returnBook_BookWasNotBorrowed" classname="com.kata.Kata.Service.BookServiceTest" time="0.006"/>
  <testcase name="returnBook_BookNotFound" classname="com.kata.Kata.Service.BookServiceTest" time="0.005"/>
  <testcase name="viewAvailableBook_BooksAreAvailable" classname="com.kata.Kata.Service.BookServiceTest" time="0.007"/>
  <testcase name="addBook_IdIsNull" classname="com.kata.Kata.Service.BookServiceTest" time="0.007"/>
  <testcase name="borrowBook_Borrowed" classname="com.kata.Kata.Service.BookServiceTest" time="0.007"/>
  <testcase name="returnBook_Returned" classname="com.kata.Kata.Service.BookServiceTest" time="0.007"/>
  <testcase name="borrowBook_BookNotFound" classname="com.kata.Kata.Service.BookServiceTest" time="0.006"/>
</testsuite>