<?xml version="1.0" encoding="UTF-8"?>
<testsuite xmlns:xsi="http://www.w3.org/2001/XMLSchema-instance" xsi:noNamespaceSchemaLocation="https://maven.apache.org/surefire/maven-surefire-plugin/xsd/surefire-test-report.xsd" version="3.0.2" name="com.kata.Kata.KataApplicationTests" time="3.602" tests="1" errors="0" skipped="0" failures="0">
  <properties>
[...]
</properties>
  <testcase name="contextLoads" classname="com.kata.Kata.KataApplicationTests" time="0.759">
    <system-out><![CDATA[19:23:31.137 [main] INFO org.springframework.test.context.support.AnnotationConfigContextLoaderUtils -- Could not detect default configuration classes for test class [com.kata.Kata.KataApplicationTests]: KataApplicationTests does not declare any static, non-private, non-final, nested classes annotated with @Configuration.
19:23:31.249 [main] INFO org.springframework.boot.test.context.SpringBootTestContextBootstrapper -- Found @SpringBootConfiguration com.kata.Kata.KataApplication for test class com.kata.Kata.KataApplicationTests
19:23:31.437 [main] INFO org.springframework.boot.devtools.restart.RestartApplicationListener -- Restart disabled due to context in which it is running

  .   ____          _            __ _ _
 /\\ / ___'_ __ _ _(_)_ __  __ _ \ \ \ \
( ( )\___ | '_ | '_| | '_ \/ _` | \ \ \ \
 \\/  ___)| |_)| | | | | || (_| |  ) ) ) )
  '  |____| .__|_| |_|_| |_\__, | / / / /
 =========|_|==============|___/=/_/_/_/

 :: Spring Boot ::                (v3.4.1)

2024-12-26T19:23:31.721+05:30  INFO 22280 --- [Kata] [           main] com.kata.Kata.KataApplicationTests       : Starting KataApplicationTests using Java 21.0.5 with PID 22280 (started by ajays in E:\Projects\Kata)
2024-12-26T19:23:31.723+05:30  INFO 22280 --- [Kata] [           main] com.kata.Kata.KataApplicationTests       : No active profile set, falling back to 1 default profile: "default"
2024-12-26T19:23:32.283+05:30  INFO 22280 --- [Kata] [           main] .s.d.r.c.RepositoryConfigurationDelegate : Bootstrapping Spring Data MongoDB repositories in DEFAULT mode.
2024-12-26T19:23:32.335+05:30  INFO 22280 --- [Kata] [           main] .s.d.r.c.RepositoryConfigurationDelegate : Finished Spring Data repository scanning in 46 ms. Found 1 MongoDB repository interface.
2024-12-26T19:23:32.807+05:30  INFO 22280 --- [Kata] [19c.mongodb.net] org.mongodb.driver.cluster               : Adding discovered server devcluster-shard-00-00.nl19c.mongodb.net:27017 to client view of cluster
2024-12-26T19:23:32.820+05:30  INFO 22280 --- [Kata] [           main] org.mongodb.driver.client                : MongoClient with metadata {"driver": {"name": "mongo-java-driver|sync|spring-boot", "version": "5.2.1"}, "os": {"type": "Windows", "name": "Windows 11", "architecture": "amd64", "version": "10.0"}, "platform": "Java/Oracle Corporation/21.0.5+9-LTS-239"} created with settings MongoClientSettings{readPreference=primary, writeConcern=WriteConcern{w=null, wTimeout=null ms, journal=null}, retryWrites=true, retryReads=true, readConcern=ReadConcern{level=null}, credential=MongoCredential{mechanism=null, userName='AjaySaini', source='admin', password=<hidden>, mechanismProperties=<hidden>}, transportSettings=null, commandListeners=[], codecRegistry=ProvidersCodecRegistry{codecProviders=[ValueCodecProvider{}, BsonValueCodecProvider{}, DBRefCodecProvider{}, DBObjectCodecProvider{}, DocumentCodecProvider{}, CollectionCodecProvider{}, IterableCodecProvider{}, MapCodecProvider{}, GeoJsonCodecProvider{}, GridFSFileCodecProvider{}, Jsr310CodecProvider{}, JsonObjectCodecProvider{}, BsonCodecProvider{}, EnumCodecProvider{}, com.mongodb.client.model.mql.ExpressionCodecProvider@2f80cb79, com.mongodb.Jep395RecordCodecProvider@4816ee24, com.mongodb.KotlinCodecProvider@20d33ea]}, loggerSettings=LoggerSettings{maxDocumentLength=1000}, clusterSettings={hosts=[127.0.0.1:27017], srvHost=devcluster.nl19c.mongodb.net, srvServiceName=mongodb, mode=MULTIPLE, requiredClusterType=REPLICA_SET, requiredReplicaSetName='atlas-2js22f-shard-0', serverSelector='null', clusterListeners='[]', serverSelectionTimeout='30000 ms', localThreshold='15 ms'}, socketSettings=SocketSettings{connectTimeoutMS=10000, readTimeoutMS=0, receiveBufferSize=0, proxySettings=ProxySettings{host=null, port=null, username=null, password=null}}, heartbeatSocketSettings=SocketSettings{connectTimeoutMS=10000, readTimeoutMS=10000, receiveBufferSize=0, proxySettings=ProxySettings{host=null, port=null, username=null, password=null}}, connectionPoolSettings=ConnectionPoolSettings{maxSize=100, minSize=0, maxWaitTimeMS=120000, maxConnectionLifeTimeMS=0, maxConnectionIdleTimeMS=0, maintenanceInitialDelayMS=0, maintenanceFrequencyMS=60000, connectionPoolListeners=[], maxConnecting=2}, serverSettings=ServerSettings{heartbeatFrequencyMS=10000, minHeartbeatFrequencyMS=500, serverMonitoringMode=AUTO, serverListeners='[]', serverMonitorListeners='[]'}, sslSettings=SslSettings{enabled=true, invalidHostNameAllowed=false, context=null}, applicationName='null', compressorList=[], uuidRepresentation=JAVA_LEGACY, serverApi=null, autoEncryptionSettings=null, dnsClient=null, inetAddressResolver=null, contextProvider=null, timeoutMS=null}
2024-12-26T19:23:32.842+05:30  INFO 22280 --- [Kata] [19c.mongodb.net] org.mongodb.driver.cluster               : Adding discovered server devcluster-shard-00-02.nl19c.mongodb.net:27017 to client view of cluster
2024-12-26T19:23:32.845+05:30  INFO 22280 --- [Kata] [19c.mongodb.net] org.mongodb.driver.cluster               : Adding discovered server devcluster-shard-00-01.nl19c.mongodb.net:27017 to client view of cluster
2024-12-26T19:23:33.458+05:30  INFO 22280 --- [Kata] [ngodb.net:27017] org.mongodb.driver.cluster               : Monitor thread successfully connected to server with description ServerDescription{address=devcluster-shard-00-00.nl19c.mongodb.net:27017, type=REPLICA_SET_SECONDARY, cryptd=false, state=CONNECTED, ok=true, minWireVersion=0, maxWireVersion=25, maxDocumentSize=16777216, logicalSessionTimeoutMinutes=30, roundTripTimeNanos=340925600, minRoundTripTimeNanos=0, setName='atlas-2js22f-shard-0', canonicalAddress=devcluster-shard-00-00.nl19c.mongodb.net:27017, hosts=[devcluster-shard-00-00.nl19c.mongodb.net:27017, devcluster-shard-00-01.nl19c.mongodb.net:27017, devcluster-shard-00-02.nl19c.mongodb.net:27017], passives=[], arbiters=[], primary='devcluster-shard-00-02.nl19c.mongodb.net:27017', tagSet=TagSet{[Tag{name='availabilityZone', value='aps1-az1'}, Tag{name='diskState', value='READY'}, Tag{name='nodeType', value='ELECTABLE'}, Tag{name='provider', value='AWS'}, Tag{name='region', value='AP_SOUTH_1'}, Tag{name='workloadType', value='OPERATIONAL'}]}, electionId=null, setVersion=188, topologyVersion=TopologyVersion{processId=67604f41f5a98e76645cdb04, counter=4}, lastWriteDate=Thu Dec 26 19:23:33 IST 2024, lastUpdateTimeNanos=352014905672400}
2024-12-26T19:23:33.458+05:30  INFO 22280 --- [Kata] [ngodb.net:27017] org.mongodb.driver.cluster               : Monitor thread successfully connected to server with description ServerDescription{address=devcluster-shard-00-02.nl19c.mongodb.net:27017, type=REPLICA_SET_PRIMARY, cryptd=false, state=CONNECTED, ok=true, minWireVersion=0, maxWireVersion=25, maxDocumentSize=16777216, logicalSessionTimeoutMinutes=30, roundTripTimeNanos=335734900, minRoundTripTimeNanos=0, setName='atlas-2js22f-shard-0', canonicalAddress=devcluster-shard-00-02.nl19c.mongodb.net:27017, hosts=[devcluster-shard-00-00.nl19c.mongodb.net:27017, devcluster-shard-00-01.nl19c.mongodb.net:27017, devcluster-shard-00-02.nl19c.mongodb.net:27017], passives=[], arbiters=[], primary='devcluster-shard-00-02.nl19c.mongodb.net:27017', tagSet=TagSet{[Tag{name='availabilityZone', value='aps1-az2'}, Tag{name='diskState', value='READY'}, Tag{name='nodeType', value='ELECTABLE'}, Tag{name='provider', value='AWS'}, Tag{name='region', value='AP_SOUTH_1'}, Tag{name='workloadType', value='OPERATIONAL'}]}, electionId=7fffffff00000000000000b1, setVersion=188, topologyVersion=TopologyVersion{processId=67604f7d134a484277356046, counter=6}, lastWriteDate=Thu Dec 26 19:23:33 IST 2024, lastUpdateTimeNanos=352014905672500}
2024-12-26T19:23:33.458+05:30  INFO 22280 --- [Kata] [ngodb.net:27017] org.mongodb.driver.cluster               : Monitor thread successfully connected to server with description ServerDescription{address=devcluster-shard-00-01.nl19c.mongodb.net:27017, type=REPLICA_SET_SECONDARY, cryptd=false, state=CONNECTED, ok=true, minWireVersion=0, maxWireVersion=25, maxDocumentSize=16777216, logicalSessionTimeoutMinutes=30, roundTripTimeNanos=337741600, minRoundTripTimeNanos=0, setName='atlas-2js22f-shard-0', canonicalAddress=devcluster-shard-00-01.nl19c.mongodb.net:27017, hosts=[devcluster-shard-00-00.nl19c.mongodb.net:27017, devcluster-shard-00-01.nl19c.mongodb.net:27017, devcluster-shard-00-02.nl19c.mongodb.net:27017], passives=[], arbiters=[], primary='devcluster-shard-00-02.nl19c.mongodb.net:27017', tagSet=TagSet{[Tag{name='availabilityZone', value='aps1-az3'}, Tag{name='diskState', value='READY'}, Tag{name='nodeType', value='ELECTABLE'}, Tag{name='provider', value='AWS'}, Tag{name='region', value='AP_SOUTH_1'}, Tag{name='workloadType', value='OPERATIONAL'}]}, electionId=null, setVersion=188, topologyVersion=TopologyVersion{processId=67604fbabdf323fa5d01d853, counter=3}, lastWriteDate=Thu Dec 26 19:23:33 IST 2024, lastUpdateTimeNanos=352014905672400}
2024-12-26T19:23:33.463+05:30  INFO 22280 --- [Kata] [ngodb.net:27017] org.mongodb.driver.cluster               : Discovered replica set primary devcluster-shard-00-02.nl19c.mongodb.net:27017 with max election id 7fffffff00000000000000b1 and max set version 188
2024-12-26T19:23:33.782+05:30  INFO 22280 --- [Kata] [           main] com.kata.Kata.KataApplicationTests       : Started KataApplicationTests in 2.364 seconds (process running for 3.431)
]]></system-out>
    <system-err><![CDATA[Mockito is currently self-attaching to enable the inline-mock-maker. This will no longer work in future releases of the JDK. Please add Mockito as an agent to your build what is described in Mockito's documentation: https://javadoc.io/doc/org.mockito/mockito-core/latest/org/mockito/Mockito.html#0.3
WARNING: A Java agent has been loaded dynamically (C:\Users\ajays\.m2\repository\net\bytebuddy\byte-buddy-agent\1.15.11\byte-buddy-agent-1.15.11.jar)
WARNING: If a serviceability tool is in use, please run with -XX:+EnableDynamicAgentLoading to hide this warning
WARNING: If a serviceability tool is not in use, please run with -Djdk.instrument.traceUsage for more information
WARNING: Dynamic loading of agents will be disallowed by default in a future release
]]></system-err>
  </testcase>
</testsuite>